<?xml version="1.0" encoding="UTF-8"?>
<testsuite name="TransformatingMazeTests" tests="1" skipped="0" failures="0" errors="0" timestamp="2023-07-27T18:55:14" hostname="KVANT-PC" time="0.027">
  <properties/>
  <testcase name="testConversion()" classname="TransformatingMazeTests" time="0.027"/>
  <system-out><![CDATA[]]></system-out>
  <system-err><![CDATA[]]></system-err>
</testsuite>
